\BOOKMARK [1][-]{section.1}{\376\377\000I\000N\000T\000R\000O\000D\000U\000C\000T\000I\000O\000N}{}% 1
\BOOKMARK [1][-]{section.2}{\376\377\000M\000O\000T\000I\000V\000A\000T\000I\000O\000N\000\040\000A\000N\000D\000\040\000O\000B\000J\000E\000C\000T\000I\000V\000E\000S}{}% 2
\BOOKMARK [1][-]{section.3}{\376\377\000R\000E\000V\000I\000E\000W\000\040\000A\000N\000D\000\040\000C\000R\000I\000T\000I\000C\000\040\000O\000N\000\040\000P\000A\000S\000T\000\040\000W\000O\000R\000K\000S}{}% 3
\BOOKMARK [1][-]{section.4}{\376\377\000D\000E\000S\000I\000G\000N\000\040\000F\000R\000A\000M\000E\000W\000O\000R\000K}{}% 4
\BOOKMARK [2][-]{subsection.4.1}{\376\377\000D\000A\000T\000A\000\040\000P\000R\000E\000P\000A\000R\000A\000T\000I\000O\000N}{section.4}% 5
\BOOKMARK [2][-]{subsection.4.2}{\376\377\000E\000X\000P\000L\000O\000R\000A\000T\000O\000R\000Y\000\040\000D\000A\000T\000A\000\040\000A\000N\000A\000L\000Y\000S\000I\000S}{section.4}% 6
\BOOKMARK [2][-]{subsection.4.3}{\376\377\000E\000X\000P\000L\000O\000R\000A\000T\000O\000R\000Y\000\040\000S\000P\000A\000T\000I\000A\000L\000\040\000D\000A\000T\000A\000\040\000A\000N\000A\000L\000Y\000S\000I\000S}{section.4}% 7
\BOOKMARK [3][-]{subsubsection.4.3.1}{\376\377\000E\000S\000D\000A\000\040\000M\000E\000T\000H\000O\000D}{subsection.4.3}% 8
\BOOKMARK [3][-]{subsubsection.4.3.2}{\376\377\000E\000S\000D\000A\000\040\000V\000I\000S\000U\000A\000L\000I\000Z\000A\000T\000I\000O\000N}{subsection.4.3}% 9
\BOOKMARK [2][-]{subsection.4.4}{\376\377\000C\000L\000U\000S\000T\000E\000R\000\040\000A\000N\000A\000L\000Y\000S\000I\000S}{section.4}% 10
\BOOKMARK [3][-]{subsubsection.4.4.1}{\376\377\000D\000I\000S\000T\000A\000N\000C\000E\000\040\000M\000E\000T\000R\000I\000C\000S}{subsection.4.4}% 11
\BOOKMARK [3][-]{subsubsection.4.4.2}{\376\377\000C\000L\000U\000S\000T\000E\000R\000I\000N\000G\000\040\000T\000Y\000P\000E}{subsection.4.4}% 12
\BOOKMARK [3][-]{subsubsection.4.4.3}{\376\377\000C\000E\000N\000T\000R\000O\000I\000D\000S}{subsection.4.4}% 13
\BOOKMARK [3][-]{subsubsection.4.4.4}{\376\377\000C\000L\000U\000S\000T\000E\000R\000\040\000S\000I\000Z\000E}{subsection.4.4}% 14
\BOOKMARK [2][-]{subsection.4.5}{\376\377\000G\000E\000O\000G\000R\000A\000P\000H\000I\000C\000A\000L\000L\000Y\000\040\000W\000E\000I\000G\000H\000T\000E\000D\000\040\000R\000E\000G\000R\000E\000S\000S\000I\000O\000N}{section.4}% 15
\BOOKMARK [3][-]{subsubsection.4.5.1}{\376\377\000B\000A\000N\000D\000W\000I\000D\000T\000H}{subsection.4.5}% 16
\BOOKMARK [3][-]{subsubsection.4.5.2}{\376\377\000K\000E\000R\000N\000E\000L}{subsection.4.5}% 17
\BOOKMARK [3][-]{subsubsection.4.5.3}{\376\377\000M\000I\000N\000K\000O\000W\000S\000K\000I\000\040\000D\000I\000S\000T\000A\000N\000C\000E}{subsection.4.5}% 18
\BOOKMARK [3][-]{subsubsection.4.5.4}{\376\377\000T\000Y\000P\000E\000S\000\040\000O\000F\000\040\000G\000W\000M\000O\000D\000E\000L}{subsection.4.5}% 19
\BOOKMARK [3][-]{subsubsection.4.5.5}{\376\377\000O\000T\000H\000E\000R\000\040\000P\000A\000C\000K\000A\000G\000E\000S}{subsection.4.5}% 20
\BOOKMARK [1][-]{section.5}{\376\377\000D\000I\000S\000C\000U\000S\000S\000I\000O\000N\000S}{}% 21
\BOOKMARK [2][-]{subsection.5.1}{\376\377\000E\000S\000D\000A}{section.5}% 22
\BOOKMARK [2][-]{subsection.5.2}{\376\377\000C\000L\000U\000S\000T\000E\000R\000I\000N\000G}{section.5}% 23
\BOOKMARK [2][-]{subsection.5.3}{\376\377\000G\000E\000O\000G\000R\000A\000P\000H\000I\000C\000A\000L\000L\000Y\000\040\000W\000E\000I\000G\000H\000T\000E\000D\000\040\000R\000E\000G\000R\000E\000S\000S\000I\000O\000N}{section.5}% 24
\BOOKMARK [1][-]{section.6}{\376\377\000F\000U\000T\000U\000R\000E\000\040\000W\000O\000R\000K\000S}{}% 25
\BOOKMARK [1][-]{section.7}{\376\377\000A\000C\000K\000N\000O\000W\000L\000E\000D\000G\000M\000E\000N\000T\000S}{}% 26
\BOOKMARK [1][-]{section*.2}{\376\377\000R\000e\000f\000e\000r\000e\000n\000c\000e\000s}{}% 27
